#
# There is insufficient memory for the Java Runtime Environment to continue.
# Native memory allocation (malloc) failed to allocate 430896 bytes for Chunk::new
# Possible reasons:
#   The system is out of physical RAM or swap space
#   The process is running with CompressedOops enabled, and the Java Heap may be blocking the growth of the native heap
# Possible solutions:
#   Reduce memory load on the system
#   Increase physical memory or swap space
#   Check if swap backing store is full
#   Decrease Java heap size (-Xmx/-Xms)
#   Decrease number of Java threads
#   Decrease Java thread stack sizes (-Xss)
#   Set larger code cache with -XX:ReservedCodeCacheSize=
#   JVM is running with Unscaled Compressed Oops mode in which the Java heap is
#     placed in the first 4GB address space. The Java Heap base address is the
#     maximum limit for the native heap growth. Please use -XX:HeapBaseMinAddress
#     to set the Java Heap base and to place the Java Heap above 4GB virtual address.
# This output file may be truncated or incomplete.
#
#  Out of Memory Error (t:/workspace/open/src/hotspot/share/memory/arena.cpp:197), pid=73976, tid=74124
#
# JRE version: Java(TM) SE Runtime Environment (11.0.3+12) (build 11.0.3+12-LTS)
# Java VM: Java HotSpot(TM) 64-Bit Server VM (11.0.3+12-LTS, mixed mode, tiered, compressed oops, g1 gc, windows-amd64)
# No core dump will be written. Minidumps are not enabled by default on client versions of Windows
#

---------------  S U M M A R Y ------------

Command Line: -Dfile.encoding=UTF-8 com.yourlogo.accountcreation.Registration

Host: Intel(R) Core(TM) i5-7200U CPU @ 2.50GHz, 4 cores, 7G,  Windows 10 , 64 bit Build 18362 (10.0.18362.959)
Time: Sat Aug  8 04:12:13 2020 India Standard Time elapsed time: 16 seconds (0d 0h 0m 16s)

---------------  T H R E A D  ---------------

Current thread (0x0000025d26a24000):  JavaThread "C2 CompilerThread0" daemon [_thread_in_native, id=74124, stack(0x0000006548900000,0x0000006548a00000)]


Current CompileTask:
C2:  16662 1957       4       java.lang.invoke.LambdaForm$Name::replaceNames (174 bytes)

Stack: [0x0000006548900000,0x0000006548a00000]
Native frames: (J=compiled Java code, j=interpreted, Vv=VM code, C=native code)
V  [jvm.dll+0x63582a]
V  [jvm.dll+0x77360f]
V  [jvm.dll+0x774cba]
V  [jvm.dll+0x775373]
V  [jvm.dll+0x25e9c8]
V  [jvm.dll+0xc21d1]
V  [jvm.dll+0xc275c]
V  [jvm.dll+0x2cf734]
V  [jvm.dll+0x5522cf]
V  [jvm.dll+0x21a24b]
V  [jvm.dll+0x2178f6]
V  [jvm.dll+0x194300]
V  [jvm.dll+0x2269df]
V  [jvm.dll+0x224fe8]
V  [jvm.dll+0x738aed]
V  [jvm.dll+0x6348c2]
C  [ucrtbase.dll+0x20e82]
C  [KERNEL32.DLL+0x17bd4]
C  [ntdll.dll+0x6ce51]


---------------  P R O C E S S  ---------------

Threads class SMR info:
_java_thread_list=0x0000025d29414720, length=16, elements={
0x0000025d086a2800, 0x0000025d26a0d000, 0x0000025d26a16000, 0x0000025d27391800,
0x0000025d27392800, 0x0000025d26a24000, 0x0000025d26a2c000, 0x0000025d273dc000,
0x0000025d27503000, 0x0000025d27508800, 0x0000025d28c31800, 0x0000025d28df6800,
0x0000025d290f6800, 0x0000025d286b9000, 0x0000025d292a6000, 0x0000025d28c7a800
}

Java Threads: ( => current thread )
  0x0000025d086a2800 JavaThread "main" [_thread_in_vm, id=72732, stack(0x0000006547e00000,0x0000006547f00000)]
  0x0000025d26a0d000 JavaThread "Reference Handler" daemon [_thread_blocked, id=56892, stack(0x0000006548500000,0x0000006548600000)]
  0x0000025d26a16000 JavaThread "Finalizer" daemon [_thread_blocked, id=70508, stack(0x0000006548600000,0x0000006548700000)]
  0x0000025d27391800 JavaThread "Signal Dispatcher" daemon [_thread_blocked, id=72756, stack(0x0000006548700000,0x0000006548800000)]
  0x0000025d27392800 JavaThread "Attach Listener" daemon [_thread_blocked, id=73948, stack(0x0000006548800000,0x0000006548900000)]
=>0x0000025d26a24000 JavaThread "C2 CompilerThread0" daemon [_thread_in_native, id=74124, stack(0x0000006548900000,0x0000006548a00000)]
  0x0000025d26a2c000 JavaThread "C1 CompilerThread0" daemon [_thread_blocked, id=74304, stack(0x0000006548a00000,0x0000006548b00000)]
  0x0000025d273dc000 JavaThread "Sweeper thread" daemon [_thread_blocked, id=74084, stack(0x0000006548b00000,0x0000006548c00000)]
  0x0000025d27503000 JavaThread "Service Thread" daemon [_thread_blocked, id=59856, stack(0x0000006548c00000,0x0000006548d00000)]
  0x0000025d27508800 JavaThread "Common-Cleaner" daemon [_thread_blocked, id=71876, stack(0x0000006548e00000,0x0000006548f00000)]
  0x0000025d28c31800 JavaThread "AsyncHttpClient-timer-1-1" [_thread_blocked, id=73240, stack(0x0000006549200000,0x0000006549300000)]
  0x0000025d28df6800 JavaThread "Exec Default Executor" daemon [_thread_in_native, id=72848, stack(0x0000006549300000,0x0000006549400000)]
  0x0000025d290f6800 JavaThread "Exec Stream Pumper" daemon [_thread_in_native, id=73716, stack(0x0000006549500000,0x0000006549600000)]
  0x0000025d286b9000 JavaThread "Exec Stream Pumper" daemon [_thread_in_native, id=74632, stack(0x0000006549600000,0x0000006549700000)]
  0x0000025d292a6000 JavaThread "ForkJoinPool.commonPool-worker-3" daemon [_thread_blocked, id=69072, stack(0x0000006549900000,0x0000006549a00000)]
  0x0000025d28c7a800 JavaThread "AsyncHttpClient-3-1" [_thread_in_native, id=72960, stack(0x0000006549700000,0x0000006549800000)]

Other Threads:
  0x0000025d269e5800 VMThread "VM Thread" [stack: 0x0000006548400000,0x0000006548500000] [id=57744]
  0x0000025d2750a000 WatcherThread [stack: 0x0000006548d00000,0x0000006548e00000] [id=72828]
  0x0000025d086b8800 GCTaskThread "GC Thread#0" [stack: 0x0000006547f00000,0x0000006548000000] [id=71740]
  0x0000025d27a5a000 GCTaskThread "GC Thread#1" [stack: 0x0000006548f00000,0x0000006549000000] [id=73672]
  0x0000025d27a5b000 GCTaskThread "GC Thread#2" [stack: 0x0000006549000000,0x0000006549100000] [id=71232]
  0x0000025d28e8b000 GCTaskThread "GC Thread#3" [stack: 0x0000006549800000,0x0000006549900000] [id=73204]
  0x0000025d086ea000 ConcurrentGCThread "G1 Main Marker" [stack: 0x0000006548000000,0x0000006548100000] [id=62436]
  0x0000025d086f0800 ConcurrentGCThread "G1 Conc#0" [stack: 0x0000006548100000,0x0000006548200000] [id=73932]
  0x0000025d26854800 ConcurrentGCThread "G1 Refine#0" [stack: 0x0000006548200000,0x0000006548300000] [id=74268]
  0x0000025d276ef800 ConcurrentGCThread "G1 Refine#1" [stack: 0x0000006549100000,0x0000006549200000] [id=72256]
  0x0000025d0876e000 ConcurrentGCThread "G1 Young RemSet Sampling" [stack: 0x0000006548300000,0x0000006548400000] [id=63260]

Threads with active compile tasks:
C2 CompilerThread01957       4       java.lang.invoke.LambdaForm$Name::replaceNames (174 bytes)

VM state:not at safepoint (normal execution)

VM Mutex/Monitor currently owned by a thread: None

Heap address: 0x0000000081800000, size: 2024 MB, Compressed Oops mode: 32-bit
Narrow klass base: 0x0000000000000000, Narrow klass shift: 3
Compressed class space size: 1073741824 Address: 0x0000000100000000

Heap:
 garbage-first heap   total 131072K, used 57726K [0x0000000081800000, 0x0000000100000000)
  region size 1024K, 34 young (34816K), 4 survivors (4096K)
 Metaspace       used 27128K, capacity 27843K, committed 28032K, reserved 1073152K
  class space    used 3076K, capacity 3342K, committed 3456K, reserved 1048576K
Heap Regions: E=young(eden), S=young(survivor), O=old, HS=humongous(starts), HC=humongous(continues), CS=collection set, F=free, A=archive, TAMS=top-at-mark-start (previous, next)
|   0|0x0000000081800000, 0x0000000081900000, 0x0000000081900000|100%|HS|  |TAMS 0x0000000081900000, 0x0000000081800000| Complete 
|   1|0x0000000081900000, 0x0000000081a00000, 0x0000000081a00000|100%| O|  |TAMS 0x0000000081a00000, 0x0000000081900000| Untracked 
|   2|0x0000000081a00000, 0x0000000081b00000, 0x0000000081b00000|100%| O|  |TAMS 0x0000000081b00000, 0x0000000081a00000| Untracked 
|   3|0x0000000081b00000, 0x0000000081c00000, 0x0000000081c00000|100%| O|  |TAMS 0x0000000081c00000, 0x0000000081b00000| Untracked 
|   4|0x0000000081c00000, 0x0000000081d00000, 0x0000000081d00000|100%| O|  |TAMS 0x0000000081d00000, 0x0000000081c00000| Untracked 
|   5|0x0000000081d00000, 0x0000000081e00000, 0x0000000081e00000|100%| O|  |TAMS 0x0000000081e00000, 0x0000000081d00000| Untracked 
|   6|0x0000000081e00000, 0x0000000081eaa200, 0x0000000081f00000| 66%| O|  |TAMS 0x0000000081eaa200, 0x0000000081e00000| Untracked 
|   7|0x0000000081f00000, 0x0000000082000000, 0x0000000082000000|100%|HS|  |TAMS 0x0000000081f00000, 0x0000000081f00000| Complete 
|   8|0x0000000082000000, 0x0000000082100000, 0x0000000082100000|100%|HC|  |TAMS 0x0000000082000000, 0x0000000082000000| Complete 
|   9|0x0000000082100000, 0x0000000082200000, 0x0000000082200000|100%|HC|  |TAMS 0x0000000082100000, 0x0000000082100000| Complete 
|  10|0x0000000082200000, 0x0000000082300000, 0x0000000082300000|100%|HC|  |TAMS 0x0000000082200000, 0x0000000082200000| Complete 
|  11|0x0000000082300000, 0x0000000082400000, 0x0000000082400000|100%|HC|  |TAMS 0x0000000082300000, 0x0000000082300000| Complete 
|  12|0x0000000082400000, 0x0000000082500000, 0x0000000082500000|100%|HC|  |TAMS 0x0000000082400000, 0x0000000082400000| Complete 
|  13|0x0000000082500000, 0x0000000082600000, 0x0000000082600000|100%|HC|  |TAMS 0x0000000082500000, 0x0000000082500000| Complete 
|  14|0x0000000082600000, 0x0000000082700000, 0x0000000082700000|100%|HC|  |TAMS 0x0000000082600000, 0x0000000082600000| Complete 
|  15|0x0000000082700000, 0x0000000082800000, 0x0000000082800000|100%|HC|  |TAMS 0x0000000082700000, 0x0000000082700000| Complete 
|  16|0x0000000082800000, 0x0000000082900000, 0x0000000082900000|100%|HC|  |TAMS 0x0000000082800000, 0x0000000082800000| Complete 
|  17|0x0000000082900000, 0x0000000082a00000, 0x0000000082a00000|100%|HC|  |TAMS 0x0000000082900000, 0x0000000082900000| Complete 
|  18|0x0000000082a00000, 0x0000000082b00000, 0x0000000082b00000|100%|HC|  |TAMS 0x0000000082a00000, 0x0000000082a00000| Complete 
|  19|0x0000000082b00000, 0x0000000082c00000, 0x0000000082c00000|100%|HC|  |TAMS 0x0000000082b00000, 0x0000000082b00000| Complete 
|  20|0x0000000082c00000, 0x0000000082d00000, 0x0000000082d00000|100%|HC|  |TAMS 0x0000000082c00000, 0x0000000082c00000| Complete 
|  21|0x0000000082d00000, 0x0000000082e00000, 0x0000000082e00000|100%|HC|  |TAMS 0x0000000082d00000, 0x0000000082d00000| Complete 
|  22|0x0000000082e00000, 0x0000000082f00000, 0x0000000082f00000|100%|HC|  |TAMS 0x0000000082e00000, 0x0000000082e00000| Complete 
|  23|0x0000000082f00000, 0x0000000083000000, 0x0000000083000000|100%|HC|  |TAMS 0x0000000082f00000, 0x0000000082f00000| Complete 
|  24|0x0000000083000000, 0x0000000083000000, 0x0000000083100000|  0%| F|  |TAMS 0x0000000083000000, 0x0000000083000000| Untracked 
|  25|0x0000000083100000, 0x0000000083100000, 0x0000000083200000|  0%| F|  |TAMS 0x0000000083100000, 0x0000000083100000| Untracked 
|  26|0x0000000083200000, 0x0000000083200000, 0x0000000083300000|  0%| F|  |TAMS 0x0000000083200000, 0x0000000083200000| Untracked 
|  27|0x0000000083300000, 0x0000000083300000, 0x0000000083400000|  0%| F|  |TAMS 0x0000000083300000, 0x0000000083300000| Untracked 
|  28|0x0000000083400000, 0x0000000083400000, 0x0000000083500000|  0%| F|  |TAMS 0x0000000083400000, 0x0000000083400000| Untracked 
|  29|0x0000000083500000, 0x0000000083500000, 0x0000000083600000|  0%| F|  |TAMS 0x0000000083500000, 0x0000000083500000| Untracked 
|  30|0x0000000083600000, 0x0000000083600000, 0x0000000083700000|  0%| F|  |TAMS 0x0000000083600000, 0x0000000083600000| Untracked 
|  31|0x0000000083700000, 0x0000000083700000, 0x0000000083800000|  0%| F|  |TAMS 0x0000000083700000, 0x0000000083700000| Untracked 
|  32|0x0000000083800000, 0x0000000083800000, 0x0000000083900000|  0%| F|  |TAMS 0x0000000083800000, 0x0000000083800000| Untracked 
|  33|0x0000000083900000, 0x0000000083900000, 0x0000000083a00000|  0%| F|  |TAMS 0x0000000083900000, 0x0000000083900000| Untracked 
|  34|0x0000000083a00000, 0x0000000083a00000, 0x0000000083b00000|  0%| F|  |TAMS 0x0000000083a00000, 0x0000000083a00000| Untracked 
|  35|0x0000000083b00000, 0x0000000083b00000, 0x0000000083c00000|  0%| F|  |TAMS 0x0000000083b00000, 0x0000000083b00000| Untracked 
|  36|0x0000000083c00000, 0x0000000083c00000, 0x0000000083d00000|  0%| F|  |TAMS 0x0000000083c00000, 0x0000000083c00000| Untracked 
|  37|0x0000000083d00000, 0x0000000083d00000, 0x0000000083e00000|  0%| F|  |TAMS 0x0000000083d00000, 0x0000000083d00000| Untracked 
|  38|0x0000000083e00000, 0x0000000083e00000, 0x0000000083f00000|  0%| F|  |TAMS 0x0000000083e00000, 0x0000000083e00000| Untracked 
|  39|0x0000000083f00000, 0x0000000083f00000, 0x0000000084000000|  0%| F|  |TAMS 0x0000000083f00000, 0x0000000083f00000| Untracked 
|  40|0x0000000084000000, 0x0000000084000000, 0x0000000084100000|  0%| F|  |TAMS 0x0000000084000000, 0x0000000084000000| Untracked 
|  41|0x0000000084100000, 0x0000000084100000, 0x0000000084200000|  0%| F|  |TAMS 0x0000000084100000, 0x0000000084100000| Untracked 
|  42|0x0000000084200000, 0x0000000084200000, 0x0000000084300000|  0%| F|  |TAMS 0x0000000084200000, 0x0000000084200000| Untracked 
|  43|0x0000000084300000, 0x0000000084300000, 0x0000000084400000|  0%| F|  |TAMS 0x0000000084300000, 0x0000000084300000| Untracked 
|  44|0x0000000084400000, 0x0000000084400000, 0x0000000084500000|  0%| F|  |TAMS 0x0000000084400000, 0x0000000084400000| Untracked 
|  45|0x0000000084500000, 0x0000000084500000, 0x0000000084600000|  0%| F|  |TAMS 0x0000000084500000, 0x0000000084500000| Untracked 
|  46|0x0000000084600000, 0x0000000084600000, 0x0000000084700000|  0%| F|  |TAMS 0x0000000084600000, 0x0000000084600000| Untracked 
|  47|0x0000000084700000, 0x0000000084700000, 0x0000000084800000|  0%| F|  |TAMS 0x0000000084700000, 0x0000000084700000| Untracked 
|  48|0x0000000084800000, 0x0000000084800000, 0x0000000084900000|  0%| F|  |TAMS 0x0000000084800000, 0x0000000084800000| Untracked 
|  49|0x0000000084900000, 0x0000000084900000, 0x0000000084a00000|  0%| F|  |TAMS 0x0000000084900000, 0x0000000084900000| Untracked 
|  50|0x0000000084a00000, 0x0000000084a00000, 0x0000000084b00000|  0%| F|  |TAMS 0x0000000084a00000, 0x0000000084a00000| Untracked 
|  51|0x0000000084b00000, 0x0000000084b00000, 0x0000000084c00000|  0%| F|  |TAMS 0x0000000084b00000, 0x0000000084b00000| Untracked 
|  52|0x0000000084c00000, 0x0000000084c00000, 0x0000000084d00000|  0%| F|  |TAMS 0x0000000084c00000, 0x0000000084c00000| Untracked 
|  53|0x0000000084d00000, 0x0000000084d00000, 0x0000000084e00000|  0%| F|  |TAMS 0x0000000084d00000, 0x0000000084d00000| Untracked 
|  54|0x0000000084e00000, 0x0000000084e00000, 0x0000000084f00000|  0%| F|  |TAMS 0x0000000084e00000, 0x0000000084e00000| Untracked 
|  55|0x0000000084f00000, 0x0000000084f00000, 0x0000000085000000|  0%| F|  |TAMS 0x0000000084f00000, 0x0000000084f00000| Untracked 
|  56|0x0000000085000000, 0x0000000085000000, 0x0000000085100000|  0%| F|  |TAMS 0x0000000085000000, 0x0000000085000000| Untracked 
|  57|0x0000000085100000, 0x0000000085100000, 0x0000000085200000|  0%| F|  |TAMS 0x0000000085100000, 0x0000000085100000| Untracked 
|  58|0x0000000085200000, 0x0000000085200000, 0x0000000085300000|  0%| F|  |TAMS 0x0000000085200000, 0x0000000085200000| Untracked 
|  59|0x0000000085300000, 0x0000000085300000, 0x0000000085400000|  0%| F|  |TAMS 0x0000000085300000, 0x0000000085300000| Untracked 
|  60|0x0000000085400000, 0x0000000085400000, 0x0000000085500000|  0%| F|  |TAMS 0x0000000085400000, 0x0000000085400000| Untracked 
|  61|0x0000000085500000, 0x0000000085500000, 0x0000000085600000|  0%| F|  |TAMS 0x0000000085500000, 0x0000000085500000| Untracked 
|  62|0x0000000085600000, 0x0000000085600000, 0x0000000085700000|  0%| F|  |TAMS 0x0000000085600000, 0x0000000085600000| Untracked 
|  63|0x0000000085700000, 0x0000000085700000, 0x0000000085800000|  0%| F|  |TAMS 0x0000000085700000, 0x0000000085700000| Untracked 
|  64|0x0000000085800000, 0x0000000085800000, 0x0000000085900000|  0%| F|  |TAMS 0x0000000085800000, 0x0000000085800000| Untracked 
|  65|0x0000000085900000, 0x0000000085900000, 0x0000000085a00000|  0%| F|  |TAMS 0x0000000085900000, 0x0000000085900000| Untracked 
|  66|0x0000000085a00000, 0x0000000085a00000, 0x0000000085b00000|  0%| F|  |TAMS 0x0000000085a00000, 0x0000000085a00000| Untracked 
|  67|0x0000000085b00000, 0x0000000085b00000, 0x0000000085c00000|  0%| F|  |TAMS 0x0000000085b00000, 0x0000000085b00000| Untracked 
|  68|0x0000000085c00000, 0x0000000085c00000, 0x0000000085d00000|  0%| F|  |TAMS 0x0000000085c00000, 0x0000000085c00000| Untracked 
|  69|0x0000000085d00000, 0x0000000085d00000, 0x0000000085e00000|  0%| F|  |TAMS 0x0000000085d00000, 0x0000000085d00000| Untracked 
|  70|0x0000000085e00000, 0x0000000085e00000, 0x0000000085f00000|  0%| F|  |TAMS 0x0000000085e00000, 0x0000000085e00000| Untracked 
|  71|0x0000000085f00000, 0x0000000085f00000, 0x0000000086000000|  0%| F|  |TAMS 0x0000000085f00000, 0x0000000085f00000| Untracked 
|  72|0x0000000086000000, 0x0000000086000000, 0x0000000086100000|  0%| F|  |TAMS 0x0000000086000000, 0x0000000086000000| Untracked 
|  73|0x0000000086100000, 0x0000000086100000, 0x0000000086200000|  0%| F|  |TAMS 0x0000000086100000, 0x0000000086100000| Untracked 
|  74|0x0000000086200000, 0x0000000086200000, 0x0000000086300000|  0%| F|  |TAMS 0x0000000086200000, 0x0000000086200000| Untracked 
|  75|0x0000000086300000, 0x0000000086300000, 0x0000000086400000|  0%| F|  |TAMS 0x0000000086300000, 0x0000000086300000| Untracked 
|  76|0x0000000086400000, 0x0000000086400000, 0x0000000086500000|  0%| F|  |TAMS 0x0000000086400000, 0x0000000086400000| Untracked 
|  77|0x0000000086500000, 0x0000000086500000, 0x0000000086600000|  0%| F|  |TAMS 0x0000000086500000, 0x0000000086500000| Untracked 
|  78|0x0000000086600000, 0x0000000086600000, 0x0000000086700000|  0%| F|  |TAMS 0x0000000086600000, 0x0000000086600000| Untracked 
|  79|0x0000000086700000, 0x0000000086700000, 0x0000000086800000|  0%| F|  |TAMS 0x0000000086700000, 0x0000000086700000| Untracked 
|  80|0x0000000086800000, 0x0000000086800000, 0x0000000086900000|  0%| F|  |TAMS 0x0000000086800000, 0x0000000086800000| Untracked 
|  81|0x0000000086900000, 0x0000000086900000, 0x0000000086a00000|  0%| F|  |TAMS 0x0000000086900000, 0x0000000086900000| Untracked 
|  82|0x0000000086a00000, 0x0000000086a00000, 0x0000000086b00000|  0%| F|  |TAMS 0x0000000086a00000, 0x0000000086a00000| Untracked 
|  83|0x0000000086b00000, 0x0000000086b00000, 0x0000000086c00000|  0%| F|  |TAMS 0x0000000086b00000, 0x0000000086b00000| Untracked 
|  84|0x0000000086c00000, 0x0000000086c00000, 0x0000000086d00000|  0%| F|  |TAMS 0x0000000086c00000, 0x0000000086c00000| Untracked 
|  85|0x0000000086d00000, 0x0000000086d00000, 0x0000000086e00000|  0%| F|  |TAMS 0x0000000086d00000, 0x0000000086d00000| Untracked 
|  86|0x0000000086e00000, 0x0000000086e00000, 0x0000000086f00000|  0%| F|  |TAMS 0x0000000086e00000, 0x0000000086e00000| Untracked 
|  87|0x0000000086f00000, 0x0000000086f00000, 0x0000000087000000|  0%| F|  |TAMS 0x0000000086f00000, 0x0000000086f00000| Untracked 
|  88|0x0000000087000000, 0x0000000087000000, 0x0000000087100000|  0%| F|  |TAMS 0x0000000087000000, 0x0000000087000000| Untracked 
|  89|0x0000000087100000, 0x0000000087100000, 0x0000000087200000|  0%| F|  |TAMS 0x0000000087100000, 0x0000000087100000| Untracked 
|  90|0x0000000087200000, 0x0000000087200000, 0x0000000087300000|  0%| F|  |TAMS 0x0000000087200000, 0x0000000087200000| Untracked 
|  91|0x0000000087300000, 0x0000000087300000, 0x0000000087400000|  0%| F|  |TAMS 0x0000000087300000, 0x0000000087300000| Untracked 
|  92|0x0000000087400000, 0x0000000087400000, 0x0000000087500000|  0%| F|  |TAMS 0x0000000087400000, 0x0000000087400000| Untracked 
|  93|0x0000000087500000, 0x0000000087500000, 0x0000000087600000|  0%| F|  |TAMS 0x0000000087500000, 0x0000000087500000| Untracked 
|  94|0x0000000087600000, 0x0000000087680800, 0x0000000087700000| 50%| E|  |TAMS 0x0000000087600000, 0x0000000087600000| Complete 
|  95|0x0000000087700000, 0x0000000087800000, 0x0000000087800000|100%| E|CS|TAMS 0x0000000087700000, 0x0000000087700000| Complete 
|  96|0x0000000087800000, 0x0000000087900000, 0x0000000087900000|100%| E|CS|TAMS 0x0000000087800000, 0x0000000087800000| Complete 
|  97|0x0000000087900000, 0x0000000087a00000, 0x0000000087a00000|100%| E|CS|TAMS 0x0000000087900000, 0x0000000087900000| Complete 
|  98|0x0000000087a00000, 0x0000000087ab5900, 0x0000000087b00000| 70%| S|CS|TAMS 0x0000000087a00000, 0x0000000087a00000| Complete 
|  99|0x0000000087b00000, 0x0000000087c00000, 0x0000000087c00000|100%| S|CS|TAMS 0x0000000087b00000, 0x0000000087b00000| Complete 
| 100|0x0000000087c00000, 0x0000000087d00000, 0x0000000087d00000|100%| S|CS|TAMS 0x0000000087c00000, 0x0000000087c00000| Complete 
| 101|0x0000000087d00000, 0x0000000087e00000, 0x0000000087e00000|100%| S|CS|TAMS 0x0000000087d00000, 0x0000000087d00000| Complete 
| 102|0x0000000087e00000, 0x0000000087f00000, 0x0000000087f00000|100%| E|CS|TAMS 0x0000000087e00000, 0x0000000087e00000| Complete 
| 103|0x0000000087f00000, 0x0000000088000000, 0x0000000088000000|100%| E|CS|TAMS 0x0000000087f00000, 0x0000000087f00000| Complete 
| 104|0x0000000088000000, 0x0000000088100000, 0x0000000088100000|100%| E|CS|TAMS 0x0000000088000000, 0x0000000088000000| Complete 
| 105|0x0000000088100000, 0x0000000088200000, 0x0000000088200000|100%| E|CS|TAMS 0x0000000088100000, 0x0000000088100000| Complete 
| 106|0x0000000088200000, 0x0000000088300000, 0x0000000088300000|100%| E|CS|TAMS 0x0000000088200000, 0x0000000088200000| Complete 
| 107|0x0000000088300000, 0x0000000088400000, 0x0000000088400000|100%| E|CS|TAMS 0x0000000088300000, 0x0000000088300000| Complete 
| 108|0x0000000088400000, 0x0000000088500000, 0x0000000088500000|100%| E|CS|TAMS 0x0000000088400000, 0x0000000088400000| Complete 
| 109|0x0000000088500000, 0x0000000088600000, 0x0000000088600000|100%| E|CS|TAMS 0x0000000088500000, 0x0000000088500000| Complete 
| 110|0x0000000088600000, 0x0000000088700000, 0x0000000088700000|100%| E|CS|TAMS 0x0000000088600000, 0x0000000088600000| Complete 
| 111|0x0000000088700000, 0x0000000088800000, 0x0000000088800000|100%| E|CS|TAMS 0x0000000088700000, 0x0000000088700000| Complete 
| 112|0x0000000088800000, 0x0000000088900000, 0x0000000088900000|100%| E|CS|TAMS 0x0000000088800000, 0x0000000088800000| Complete 
| 113|0x0000000088900000, 0x0000000088a00000, 0x0000000088a00000|100%| E|CS|TAMS 0x0000000088900000, 0x0000000088900000| Complete 
| 114|0x0000000088a00000, 0x0000000088b00000, 0x0000000088b00000|100%| E|CS|TAMS 0x0000000088a00000, 0x0000000088a00000| Complete 
| 115|0x0000000088b00000, 0x0000000088c00000, 0x0000000088c00000|100%| E|CS|TAMS 0x0000000088b00000, 0x0000000088b00000| Complete 
| 116|0x0000000088c00000, 0x0000000088d00000, 0x0000000088d00000|100%| E|CS|TAMS 0x0000000088c00000, 0x0000000088c00000| Complete 
| 117|0x0000000088d00000, 0x0000000088e00000, 0x0000000088e00000|100%| E|CS|TAMS 0x0000000088d00000, 0x0000000088d00000| Complete 
| 118|0x0000000088e00000, 0x0000000088f00000, 0x0000000088f00000|100%| E|CS|TAMS 0x0000000088e00000, 0x0000000088e00000| Complete 
| 119|0x0000000088f00000, 0x0000000089000000, 0x0000000089000000|100%| E|CS|TAMS 0x0000000088f00000, 0x0000000088f00000| Complete 
| 120|0x0000000089000000, 0x0000000089100000, 0x0000000089100000|100%| E|CS|TAMS 0x0000000089000000, 0x0000000089000000| Complete 
| 121|0x0000000089100000, 0x0000000089200000, 0x0000000089200000|100%| E|CS|TAMS 0x0000000089100000, 0x0000000089100000| Complete 
| 122|0x0000000089200000, 0x0000000089300000, 0x0000000089300000|100%| E|CS|TAMS 0x0000000089200000, 0x0000000089200000| Complete 
| 123|0x0000000089300000, 0x0000000089400000, 0x0000000089400000|100%| E|CS|TAMS 0x0000000089300000, 0x0000000089300000| Complete 
| 124|0x0000000089400000, 0x0000000089500000, 0x0000000089500000|100%| E|CS|TAMS 0x0000000089400000, 0x0000000089400000| Complete 
| 125|0x0000000089500000, 0x0000000089600000, 0x0000000089600000|100%| E|CS|TAMS 0x0000000089500000, 0x0000000089500000| Complete 
| 126|0x0000000089600000, 0x0000000089700000, 0x0000000089700000|100%| E|CS|TAMS 0x0000000089600000, 0x0000000089600000| Complete 
| 127|0x0000000089700000, 0x0000000089800000, 0x0000000089800000|100%| E|CS|TAMS 0x0000000089700000, 0x0000000089700000| Complete 

Card table byte_map: [0x0000025d1fdd0000,0x0000025d201d0000] _byte_map_base: 0x0000025d1f9c4000

Marking Bits (Prev, Next): (CMBitMap*) 0x0000025d086e1350, (CMBitMap*) 0x0000025d086e1318
 Prev Bits: [0x0000025d22570000, 0x0000025d24510000)
 Next Bits: [0x0000025d205d0000, 0x0000025d22570000)

Polling page: 0x0000025d06510000

Metaspace:

Usage:
  Non-class:     23.99 MB capacity,    23.55 MB ( 98%) used,   382.80 KB (  2%) free+waste,    71.88 KB ( <1%) overhead. 
      Class:      3.26 MB capacity,     3.01 MB ( 92%) used,   222.05 KB (  7%) free+waste,    35.00 KB (  1%) overhead. 
       Both:     27.25 MB capacity,    26.56 MB ( 97%) used,   604.85 KB (  2%) free+waste,   106.88 KB ( <1%) overhead. 

Virtual space:
  Non-class space:       24.00 MB reserved,      24.00 MB (100%) committed 
      Class space:        1.00 GB reserved,       3.38 MB ( <1%) committed 
             Both:        1.02 GB reserved,      27.38 MB (  3%) committed 

Chunk freelists:
   Non-Class:  1.38 KB
       Class:  2.25 KB
        Both:  3.63 KB

CodeHeap 'non-profiled nmethods': size=120064Kb used=789Kb max_used=789Kb free=119274Kb
 bounds [0x0000025d18490000, 0x0000025d18700000, 0x0000025d1f9d0000]
CodeHeap 'profiled nmethods': size=120000Kb used=3338Kb max_used=3439Kb free=116661Kb
 bounds [0x0000025d10f60000, 0x0000025d112c0000, 0x0000025d18490000]
CodeHeap 'non-nmethods': size=5696Kb used=1179Kb max_used=1196Kb free=4516Kb
 bounds [0x0000025d109d0000, 0x0000025d10c40000, 0x0000025d10f60000]
 total_blobs=2938 nmethods=1764 adapters=434
 compilation: enabled
              stopped_count=0, restarted_count=0
 full_count=0

Compilation events (10 events):
Event: 16.626 Thread 0x0000025d26a2c000 1975       3       java.util.Arrays::copyOfRange (89 bytes)
Event: 16.627 Thread 0x0000025d26a2c000 nmethod 1975 0x0000025d110b5810 code [0x0000025d110b5b00, 0x0000025d110b6a60]
Event: 16.630 Thread 0x0000025d26a2c000 1978       3       java.lang.reflect.Modifier::isVolatile (13 bytes)
Event: 16.631 Thread 0x0000025d26a2c000 nmethod 1978 0x0000025d11040790 code [0x0000025d11040940, 0x0000025d11040ad8]
Event: 16.638 Thread 0x0000025d26a2c000 1982       3       java.lang.invoke.ClassSpecializer$Factory$1Var::slotSize (8 bytes)
Event: 16.638 Thread 0x0000025d26a2c000 nmethod 1982 0x0000025d11040290 code [0x0000025d11040460, 0x0000025d11040698]
Event: 16.640 Thread 0x0000025d26a2c000 1985       3       java.lang.invoke.MethodHandles$Lookup::checkField (56 bytes)
Event: 16.641 Thread 0x0000025d26a2c000 nmethod 1985 0x0000025d11058910 code [0x0000025d11058b20, 0x0000025d11059000]
Event: 16.642 Thread 0x0000025d26a2c000 1987       1       java.util.concurrent.CopyOnWriteArrayList::getArray (5 bytes)
Event: 16.642 Thread 0x0000025d26a2c000 nmethod 1987 0x0000025d18555010 code [0x0000025d185551c0, 0x0000025d185552d8]

GC Heap History (8 events):
Event: 0.724 GC heap before
{Heap before GC invocations=0 (full 0):
 garbage-first heap   total 131072K, used 14336K [0x0000000081800000, 0x0000000100000000)
  region size 1024K, 14 young (14336K), 0 survivors (0K)
 Metaspace       used 9598K, capacity 9839K, committed 9984K, reserved 1058816K
  class space    used 849K, capacity 935K, committed 1024K, reserved 1048576K
}
Event: 0.731 GC heap after
{Heap after GC invocations=1 (full 0):
 garbage-first heap   total 131072K, used 6914K [0x0000000081800000, 0x0000000100000000)
  region size 1024K, 2 young (2048K), 2 survivors (2048K)
 Metaspace       used 9598K, capacity 9839K, committed 9984K, reserved 1058816K
  class space    used 849K, capacity 935K, committed 1024K, reserved 1048576K
}
Event: 1.200 GC heap before
{Heap before GC invocations=1 (full 0):
 garbage-first heap   total 131072K, used 11010K [0x0000000081800000, 0x0000000100000000)
  region size 1024K, 6 young (6144K), 2 survivors (2048K)
 Metaspace       used 11082K, capacity 11283K, committed 11392K, reserved 1058816K
  class space    used 1029K, capacity 1119K, committed 1152K, reserved 1048576K
}
Event: 1.203 GC heap after
{Heap after GC invocations=2 (full 0):
 garbage-first heap   total 131072K, used 7390K [0x0000000081800000, 0x0000000100000000)
  region size 1024K, 1 young (1024K), 1 survivors (1024K)
 Metaspace       used 11082K, capacity 11283K, committed 11392K, reserved 1058816K
  class space    used 1029K, capacity 1119K, committed 1152K, reserved 1048576K
}
Event: 1.741 GC heap before
{Heap before GC invocations=2 (full 0):
 garbage-first heap   total 131072K, used 28894K [0x0000000081800000, 0x0000000100000000)
  region size 1024K, 22 young (22528K), 1 survivors (1024K)
 Metaspace       used 14954K, capacity 15265K, committed 15488K, reserved 1062912K
  class space    used 1482K, capacity 1600K, committed 1664K, reserved 1048576K
}
Event: 1.745 GC heap after
{Heap after GC invocations=3 (full 0):
 garbage-first heap   total 131072K, used 9301K [0x0000000081800000, 0x0000000100000000)
  region size 1024K, 3 young (3072K), 3 survivors (3072K)
 Metaspace       used 14954K, capacity 15265K, committed 15488K, reserved 1062912K
  class space    used 1482K, capacity 1600K, committed 1664K, reserved 1048576K
}
Event: 2.982 GC heap before
{Heap before GC invocations=3 (full 0):
 garbage-first heap   total 131072K, used 31829K [0x0000000081800000, 0x0000000100000000)
  region size 1024K, 26 young (26624K), 3 survivors (3072K)
 Metaspace       used 20648K, capacity 21082K, committed 21248K, reserved 1069056K
  class space    used 2260K, capacity 2440K, committed 2560K, reserved 1048576K
}
Event: 2.990 GC heap after
{Heap after GC invocations=4 (full 0):
 garbage-first heap   total 131072K, used 10622K [0x0000000081800000, 0x0000000100000000)
  region size 1024K, 4 young (4096K), 4 survivors (4096K)
 Metaspace       used 20648K, capacity 21082K, committed 21248K, reserved 1069056K
  class space    used 2260K, capacity 2440K, committed 2560K, reserved 1048576K
}

Deoptimization events (10 events):
Event: 3.807 Thread 0x0000025d086a2800 Uncommon trap: reason=bimorphic_or_optimized_type_check action=maybe_recompile pc=0x0000025d184cf948 method=java.util.HashMap.putVal(ILjava/lang/Object;Ljava/lang/Object;ZZ)Ljava/lang/Object; @ 91 c2
Event: 3.807 Thread 0x0000025d086a2800 Uncommon trap: reason=bimorphic_or_optimized_type_check action=maybe_recompile pc=0x0000025d184cf948 method=java.util.HashMap.putVal(ILjava/lang/Object;Ljava/lang/Object;ZZ)Ljava/lang/Object; @ 91 c2
Event: 3.807 Thread 0x0000025d086a2800 Uncommon trap: reason=bimorphic_or_optimized_type_check action=maybe_recompile pc=0x0000025d184cf948 method=java.util.HashMap.putVal(ILjava/lang/Object;Ljava/lang/Object;ZZ)Ljava/lang/Object; @ 91 c2
Event: 8.760 Thread 0x0000025d086a2800 Uncommon trap: reason=class_check action=maybe_recompile pc=0x0000025d1853f6c4 method=org.openqa.selenium.json.Input.init()V @ 18 c2
Event: 8.760 Thread 0x0000025d086a2800 Uncommon trap: reason=class_check action=maybe_recompile pc=0x0000025d1853f6c4 method=org.openqa.selenium.json.Input.init()V @ 18 c2
Event: 8.760 Thread 0x0000025d086a2800 Uncommon trap: reason=class_check action=maybe_recompile pc=0x0000025d1853f6c4 method=org.openqa.selenium.json.Input.init()V @ 18 c2
Event: 8.760 Thread 0x0000025d086a2800 Uncommon trap: reason=class_check action=maybe_recompile pc=0x0000025d1853f6c4 method=org.openqa.selenium.json.Input.init()V @ 18 c2
Event: 8.886 Thread 0x0000025d086a2800 Uncommon trap: reason=unstable_if action=reinterpret pc=0x0000025d18509e8c method=java.util.concurrent.ConcurrentHashMap.putVal(Ljava/lang/Object;Ljava/lang/Object;Z)Ljava/lang/Object; @ 231 c2
Event: 8.901 Thread 0x0000025d28c7a800 Uncommon trap: reason=unstable_if action=reinterpret pc=0x0000025d184c1258 method=java.io.ByteArrayInputStream.read()I @ 8 c2
Event: 16.511 Thread 0x0000025d086a2800 Uncommon trap: reason=unstable_if action=reinterpret pc=0x0000025d185065a0 method=sun.net.www.ParseUtil.firstEncodeIndex(Ljava/lang/String;)I @ 51 c2

Classes redefined (0 events):
No events

Internal exceptions (10 events):
Event: 3.124 Thread 0x0000025d086a2800 Exception <a 'java/lang/NoSuchMethodError'{0x0000000089156928}: java.lang.invoke.DirectMethodHandle$Holder.invokeSpecial(Ljava/lang/Object;Ljava/lang/Object;Ljava/lang/Object;Ljava/lang/Object;Ljava/lang/Object;Ljava/lang/Object;I)Ljava/lang/Object;> (0x0
Event: 3.148 Thread 0x0000025d086a2800 Exception <a 'java/lang/NoSuchMethodError'{0x00000000890af120}: java.lang.invoke.DirectMethodHandle$Holder.invokeSpecial(Ljava/lang/Object;Ljava/lang/Object;Ljava/lang/Object;Ljava/lang/Object;Ljava/lang/Object;Ljava/lang/Object;)V> (0x00000000890af120) t
Event: 8.772 Thread 0x0000025d086a2800 Exception <a 'java/lang/NoSuchMethodError'{0x00000000885a4548}: java.lang.invoke.DirectMethodHandle$Holder.invokeSpecialIFC(Ljava/lang/Object;Ljava/lang/Object;Ljava/lang/Object;)Ljava/lang/Object;> (0x00000000885a4548) thrown at [t:/workspace/open/src/ho
Event: 8.849 Thread 0x0000025d086a2800 Exception <a 'java/lang/ClassNotFoundException'{0x0000000088480220}: sun/util/logging/resources/spi/loggingProvider> (0x0000000088480220) thrown at [t:/workspace/open/src/hotspot/share/classfile/systemDictionary.cpp, line 231]
Event: 16.588 Thread 0x0000025d086a2800 Exception <a 'java/lang/NoSuchMethodError'{0x00000000878eb158}: java.lang.invoke.DirectMethodHandle$Holder.invokeStaticInit(Ljava/lang/Object;Ljava/lang/Object;Ljava/lang/Object;)I> (0x00000000878eb158) thrown at [t:/workspace/open/src/hotspot/share/inter
Event: 16.617 Thread 0x0000025d086a2800 Exception <a 'java/lang/NoSuchMethodError'{0x0000000087780b58}: java.lang.invoke.DirectMethodHandle$Holder.invokeStatic(Ljava/lang/Object;Ljava/lang/Object;Ljava/lang/Object;Ljava/lang/Object;Ljava/lang/Object;Ljava/lang/Object;Ljava/lang/Object;Ljava/lan
Event: 16.619 Thread 0x0000025d086a2800 Exception <a 'java/lang/NoSuchMethodError'{0x000000008778e708}: java.lang.invoke.DirectMethodHandle$Holder.invokeStatic(Ljava/lang/Object;Ljava/lang/Object;Ljava/lang/Object;Ljava/lang/Object;Ljava/lang/Object;Ljava/lang/Object;Ljava/lang/Object;Ljava/lan
Event: 16.622 Thread 0x0000025d086a2800 Exception <a 'java/lang/NoSuchMethodError'{0x000000008779c370}: java.lang.invoke.DirectMethodHandle$Holder.invokeSpecial(Ljava/lang/Object;Ljava/lang/Object;IILjava/lang/Object;Ljava/lang/Object;Ljava/lang/Object;)Ljava/lang/Object;> (0x000000008779c370) 
Event: 16.622 Thread 0x0000025d086a2800 Exception <a 'java/lang/NoSuchMethodError'{0x000000008779f8f8}: java.lang.invoke.DelegatingMethodHandle$Holder.reinvoke_L(Ljava/lang/Object;IILjava/lang/Object;Ljava/lang/Object;Ljava/lang/Object;)Ljava/lang/Object;> (0x000000008779f8f8) thrown at [t:/wor
Event: 16.623 Thread 0x0000025d086a2800 Exception <a 'java/lang/NoSuchMethodError'{0x00000000877a3d38}: java.lang.invoke.DirectMethodHandle$Holder.invokeStatic(Ljava/lang/Object;Ljava/lang/Object;Ljava/lang/Object;Ljava/lang/Object;I)Ljava/lang/Object;> (0x00000000877a3d38) thrown at [t:/worksp

Events (10 events):
Event: 16.632 loading class java/lang/invoke/BoundMethodHandle$Species_LIILL
Event: 16.632 loading class java/lang/invoke/BoundMethodHandle$Species_LIILL done
Event: 16.636 loading class java/lang/invoke/BoundMethodHandle$Species_LIILLL
Event: 16.636 loading class java/lang/invoke/BoundMethodHandle$Species_LIILLL done
Event: 16.642 loading class javax/xml/parsers/FactoryFinder$1
Event: 16.642 loading class javax/xml/parsers/FactoryFinder$1 done
Event: 16.644 loading class com/sun/org/apache/xerces/internal/jaxp/DocumentBuilderFactoryImpl
Event: 16.646 loading class com/sun/org/apache/xerces/internal/jaxp/DocumentBuilderFactoryImpl done
Event: 16.649 loading class org/apache/poi/util/XMLHelper$SecurityFeature
Event: 16.649 loading class org/apache/poi/util/XMLHelper$SecurityFeature done


Dynamic libraries:
0x00007ff7f9340000 - 0x00007ff7f9387000 	C:\Program Files\Java\jdk-11.0.3\bin\javaw.exe
0x00007ff86e9c0000 - 0x00007ff86ebb0000 	C:\WINDOWS\SYSTEM32\ntdll.dll
0x00007ff86dcd0000 - 0x00007ff86dd82000 	C:\WINDOWS\System32\KERNEL32.DLL
0x00007ff86c280000 - 0x00007ff86c524000 	C:\WINDOWS\System32\KERNELBASE.dll
0x00007ff86df90000 - 0x00007ff86e033000 	C:\WINDOWS\System32\ADVAPI32.dll
0x00007ff86d070000 - 0x00007ff86d10e000 	C:\WINDOWS\System32\msvcrt.dll
0x00007ff86e8e0000 - 0x00007ff86e977000 	C:\WINDOWS\System32\sechost.dll
0x00007ff86e270000 - 0x00007ff86e390000 	C:\WINDOWS\System32\RPCRT4.dll
0x00007ff86d9c0000 - 0x00007ff86db54000 	C:\WINDOWS\System32\USER32.dll
0x00007ff86c250000 - 0x00007ff86c271000 	C:\WINDOWS\System32\win32u.dll
0x00007ff86d970000 - 0x00007ff86d996000 	C:\WINDOWS\System32\GDI32.dll
0x00007ff86c530000 - 0x00007ff86c6c6000 	C:\WINDOWS\System32\gdi32full.dll
0x00007ff86c6d0000 - 0x00007ff86c76e000 	C:\WINDOWS\System32\msvcp_win.dll
0x00007ff86c150000 - 0x00007ff86c24a000 	C:\WINDOWS\System32\ucrtbase.dll
0x00007ff85c620000 - 0x00007ff85c8a4000 	C:\WINDOWS\WinSxS\amd64_microsoft.windows.common-controls_6595b64144ccf1df_6.0.18362.959_none_e6c7bbbf130c62bb\COMCTL32.dll
0x00007ff86cad0000 - 0x00007ff86ce05000 	C:\WINDOWS\System32\combase.dll
0x00007ff86c0d0000 - 0x00007ff86c150000 	C:\WINDOWS\System32\bcryptPrimitives.dll
0x00007ff8627c0000 - 0x00007ff8627ca000 	C:\WINDOWS\SYSTEM32\VERSION.dll
0x00007ff86d940000 - 0x00007ff86d96e000 	C:\WINDOWS\System32\IMM32.DLL
0x00007ff85b410000 - 0x00007ff85b426000 	C:\Program Files\Java\jdk-11.0.3\bin\vcruntime140.dll
0x00007ff831f80000 - 0x00007ff83202a000 	C:\Program Files\Java\jdk-11.0.3\bin\msvcp140.dll
0x00007ff80cb00000 - 0x00007ff80d627000 	C:\Program Files\Java\jdk-11.0.3\bin\server\jvm.dll
0x00007ff86d110000 - 0x00007ff86d118000 	C:\WINDOWS\System32\PSAPI.DLL
0x00007ff856f00000 - 0x00007ff856f09000 	C:\WINDOWS\SYSTEM32\WSOCK32.dll
0x00007ff86e3f0000 - 0x00007ff86e45f000 	C:\WINDOWS\System32\WS2_32.dll
0x00007ff8697e0000 - 0x00007ff869804000 	C:\WINDOWS\SYSTEM32\WINMM.dll
0x00007ff869360000 - 0x00007ff86938d000 	C:\WINDOWS\SYSTEM32\WINMMBASE.dll
0x00007ff86ca00000 - 0x00007ff86ca4a000 	C:\WINDOWS\System32\cfgmgr32.dll
0x00007ff86b880000 - 0x00007ff86b891000 	C:\WINDOWS\System32\kernel.appcore.dll
0x00007ff857c20000 - 0x00007ff857c31000 	C:\Program Files\Java\jdk-11.0.3\bin\verify.dll
0x00007ff860240000 - 0x00007ff860434000 	C:\WINDOWS\SYSTEM32\DBGHELP.DLL
0x00007ff860140000 - 0x00007ff86016a000 	C:\WINDOWS\SYSTEM32\dbgcore.DLL
0x00007ff83ffb0000 - 0x00007ff83ffd9000 	C:\Program Files\Java\jdk-11.0.3\bin\java.dll
0x00007ff83ff70000 - 0x00007ff83ff86000 	C:\Program Files\Java\jdk-11.0.3\bin\zip.dll
0x00007ff864be0000 - 0x00007ff864bea000 	C:\Program Files\Java\jdk-11.0.3\bin\jimage.dll
0x00007ff86d1a0000 - 0x00007ff86d886000 	C:\WINDOWS\System32\SHELL32.dll
0x00007ff86d890000 - 0x00007ff86d939000 	C:\WINDOWS\System32\shcore.dll
0x00007ff86b940000 - 0x00007ff86c0c2000 	C:\WINDOWS\System32\windows.storage.dll
0x00007ff86b8a0000 - 0x00007ff86b8c3000 	C:\WINDOWS\System32\profapi.dll
0x00007ff86b8d0000 - 0x00007ff86b91a000 	C:\WINDOWS\System32\powrprof.dll
0x00007ff86b870000 - 0x00007ff86b880000 	C:\WINDOWS\System32\UMPDC.dll
0x00007ff86e390000 - 0x00007ff86e3e2000 	C:\WINDOWS\System32\shlwapi.dll
0x00007ff86ca50000 - 0x00007ff86ca67000 	C:\WINDOWS\System32\cryptsp.dll
0x00007ff838390000 - 0x00007ff8383a9000 	C:\Program Files\Java\jdk-11.0.3\bin\net.dll
0x00007ff85f910000 - 0x00007ff85fa00000 	C:\WINDOWS\SYSTEM32\WINHTTP.dll
0x00007ff8594f0000 - 0x00007ff8596c6000 	C:\WINDOWS\SYSTEM32\urlmon.dll
0x00007ff859900000 - 0x00007ff859ba6000 	C:\WINDOWS\SYSTEM32\iertutil.dll
0x00007ff86b2b0000 - 0x00007ff86b2bc000 	C:\WINDOWS\SYSTEM32\CRYPTBASE.DLL
0x00007ff86b0e0000 - 0x00007ff86b147000 	C:\WINDOWS\system32\mswsock.dll
0x00007ff837820000 - 0x00007ff837833000 	C:\Program Files\Java\jdk-11.0.3\bin\nio.dll
0x00007ff836fc0000 - 0x00007ff836fe7000 	C:\Program Files\Java\jdk-11.0.3\bin\sunec.dll
0x00007ff86ac50000 - 0x00007ff86ac83000 	C:\WINDOWS\system32\rsaenh.dll
0x00007ff86c820000 - 0x00007ff86c846000 	C:\WINDOWS\System32\bcrypt.dll
0x00007ff86b760000 - 0x00007ff86b785000 	C:\WINDOWS\SYSTEM32\USERENV.dll
0x00007ff86adf0000 - 0x00007ff86ae2a000 	C:\WINDOWS\SYSTEM32\IPHLPAPI.DLL
0x00007ff86e460000 - 0x00007ff86e468000 	C:\WINDOWS\System32\NSI.dll
0x00007ff85fe20000 - 0x00007ff85fe36000 	C:\WINDOWS\SYSTEM32\dhcpcsvc6.DLL
0x00007ff85fd30000 - 0x00007ff85fd4c000 	C:\WINDOWS\SYSTEM32\dhcpcsvc.DLL
0x00007ff86ae40000 - 0x00007ff86af0b000 	C:\WINDOWS\SYSTEM32\DNSAPI.dll
0x00007ff85c450000 - 0x00007ff85c45a000 	C:\Windows\System32\rasadhlp.dll
0x00007ff85f470000 - 0x00007ff85f4e7000 	C:\WINDOWS\System32\fwpuclnt.dll
0x00007ff85b490000 - 0x00007ff85b499000 	C:\Program Files\Java\jdk-11.0.3\bin\management.dll
0x00007ff84cf00000 - 0x00007ff84cf0c000 	C:\Program Files\Java\jdk-11.0.3\bin\management_ext.dll
0x00007ff848410000 - 0x00007ff848426000 	C:\WINDOWS\system32\napinsp.dll
0x00007ff8483f0000 - 0x00007ff84840a000 	C:\WINDOWS\system32\pnrpnsp.dll
0x00007ff8483e0000 - 0x00007ff8483ee000 	C:\WINDOWS\System32\winrnr.dll
0x00007ff862b70000 - 0x00007ff862b8c000 	C:\WINDOWS\system32\NLAapi.dll
0x00007ff867100000 - 0x00007ff867115000 	C:\WINDOWS\system32\wshbth.dll

dbghelp: loaded successfully - version: 4.0.5 - missing functions: none
symbol engine: initialized successfully - sym options: 0x614 - pdb path: .;C:\Program Files\Java\jdk-11.0.3\bin;C:\WINDOWS\SYSTEM32;C:\WINDOWS\WinSxS\amd64_microsoft.windows.common-controls_6595b64144ccf1df_6.0.18362.959_none_e6c7bbbf130c62bb;C:\Program Files\Java\jdk-11.0.3\bin\server

VM Arguments:
jvm_args: -Dfile.encoding=UTF-8 
java_command: com.yourlogo.accountcreation.Registration
java_class_path (initial): C:\Users\sugat\eclipse-workspace\AutomationPractice\target\classes;C:\Users\sugat\.m2\repository\org\seleniumhq\selenium\selenium-java\4.0.0-alpha-5\selenium-java-4.0.0-alpha-5.jar;C:\Users\sugat\.m2\repository\org\seleniumhq\selenium\selenium-api\4.0.0-alpha-5\selenium-api-4.0.0-alpha-5.jar;C:\Users\sugat\.m2\repository\org\seleniumhq\selenium\selenium-chrome-driver\4.0.0-alpha-5\selenium-chrome-driver-4.0.0-alpha-5.jar;C:\Users\sugat\.m2\repository\com\google\auto\service\auto-service-annotations\1.0-rc6\auto-service-annotations-1.0-rc6.jar;C:\Users\sugat\.m2\repository\com\google\auto\service\auto-service\1.0-rc6\auto-service-1.0-rc6.jar;C:\Users\sugat\.m2\repository\com\google\auto\auto-common\0.10\auto-common-0.10.jar;C:\Users\sugat\.m2\repository\com\google\guava\guava\28.2-jre\guava-28.2-jre.jar;C:\Users\sugat\.m2\repository\com\google\guava\failureaccess\1.0.1\failureaccess-1.0.1.jar;C:\Users\sugat\.m2\repository\com\google\guava\listenablefuture\9999.0-empty-to-avoid-conflict-with-guava\listenablefuture-9999.0-empty-to-avoid-conflict-with-guava.jar;C:\Users\sugat\.m2\repository\com\google\code\findbugs\jsr305\3.0.2\jsr305-3.0.2.jar;C:\Users\sugat\.m2\repository\org\checkerframework\checker-qual\2.10.0\checker-qual-2.10.0.jar;C:\Users\sugat\.m2\repository\com\google\errorprone\error_prone_annotations\2.3.4\error_prone_annotations-2.3.4.jar;C:\Users\sugat\.m2\repository\com\google\j2objc\j2objc-annotations\1.3\j2objc-annotations-1.3.jar;C:\Users\sugat\.m2\repository\org\seleniumhq\selenium\selenium-chromium-driver\4.0.0-alpha-5\selenium-chromium-driver-4.0.0-alpha-5.jar;C:\Users\sugat\.m2\repository\org\seleniumhq\selenium\selenium-devtools\4.0.0-alpha-5\selenium-devtools-4.0.0-alpha-5.jar;C:\Users\sugat\.m2\repository\org\seleniumhq\selenium\selenium-http\4.0.0-alpha-5\selenium-http-4.0.0-alpha-5.jar;C:\Users\sugat\.m2\repository\org\seleniumhq\selenium\selenium-json\4.0.0-alpha-5\selenium-json-4.0.0-alpha-5.jar;C:\Users\sugat\.m
Launcher Type: SUN_STANDARD

[Global flags]
     intx CICompilerCount                          = 3                                         {product} {ergonomic}
     uint ConcGCThreads                            = 1                                         {product} {ergonomic}
     uint G1ConcRefinementThreads                  = 4                                         {product} {ergonomic}
   size_t G1HeapRegionSize                         = 1048576                                   {product} {ergonomic}
    uintx GCDrainStackTargetSize                   = 64                                        {product} {ergonomic}
   size_t InitialHeapSize                          = 134217728                                 {product} {ergonomic}
   size_t MarkStackSize                            = 4194304                                   {product} {ergonomic}
   size_t MaxHeapSize                              = 2122317824                                {product} {ergonomic}
   size_t MaxNewSize                               = 1272971264                                {product} {ergonomic}
   size_t MinHeapDeltaBytes                        = 1048576                                   {product} {ergonomic}
    uintx NonNMethodCodeHeapSize                   = 5830092                                {pd product} {ergonomic}
    uintx NonProfiledCodeHeapSize                  = 122914074                              {pd product} {ergonomic}
    uintx ProfiledCodeHeapSize                     = 122914074                              {pd product} {ergonomic}
    uintx ReservedCodeCacheSize                    = 251658240                              {pd product} {ergonomic}
     bool SegmentedCodeCache                       = true                                      {product} {ergonomic}
     bool UseCompressedClassPointers               = true                                 {lp64_product} {ergonomic}
     bool UseCompressedOops                        = true                                 {lp64_product} {ergonomic}
     bool UseG1GC                                  = true                                      {product} {ergonomic}
     bool UseLargePagesIndividualAllocation        = false                                  {pd product} {ergonomic}

Logging:
Log output configuration:
 #0: stdout all=warning uptime,level,tags
 #1: stderr all=off uptime,level,tags

Environment Variables:
JAVA_HOME=C:\Program Files\Java\jdk-11.0.3
PATH=C:/Program Files/Java/jre1.8.0_221/bin/server;C:/Program Files/Java/jre1.8.0_221/bin;C:/Program Files/Java/jre1.8.0_221/lib/amd64;C:\Program Files (x86)\Common Files\Oracle\Java\javapath;C:\Program Files\Java\jdk-11.0.3\bin;C:\Users\sugat\apache-maven-3.6.3-bin\apache-maven-3.6.3\bin;C:\WINDOWS\system32;C:\WINDOWS;C:\WINDOWS\System32\Wbem;C:\WINDOWS\System32\WindowsPowerShell\v1.0\;C:\WINDOWS\System32\OpenSSH\;C:\Program Files\Microsoft SQL Server\Client SDK\ODBC\130\Tools\Binn\;C:\Program Files (x86)\Microsoft SQL Server\140\Tools\Binn\;C:\Program Files\Microsoft SQL Server\140\Tools\Binn\;C:\Program Files\Microsoft SQL Server\140\DTS\Binn\;C:\Program Files (x86)\Microsoft SQL Server\150\DTS\Binn\;C:\Program Files\Git\cmd;C:\Program Files\nodejs\;C:\Program Files\Java\jdk-11.0.3\bin;C:\Users\sugat\AppData\Local\Microsoft\WindowsApps;C:\Users\sugat\AppData\Local\GitHubDesktop\bin;C:\Users\sugat\AppData\Local\atom\bin;C:\Users\sugat\AppData\Roaming\npm;C:\Users\sugat\OneDrive\Desktop;
USERNAME=sugat
OS=Windows_NT
PROCESSOR_IDENTIFIER=Intel64 Family 6 Model 142 Stepping 9, GenuineIntel



---------------  S Y S T E M  ---------------

OS: Windows 10 , 64 bit Build 18362 (10.0.18362.959)

CPU:total 4 (initial active 4) (2 cores per cpu, 2 threads per core) family 6 model 142 stepping 9, cmov, cx8, fxsr, mmx, sse, sse2, sse3, ssse3, sse4.1, sse4.2, popcnt, avx, avx2, aes, clmul, erms, 3dnowpref, lzcnt, ht, tsc, tscinvbit, bmi1, bmi2, adx, fma

Memory: 4k page, system-wide physical 8092M (59M free)
TotalPageFile size 32668M (AvailPageFile size 24M)
current process WorkingSet (physical memory assigned to process): 150M, peak: 159M
current process commit charge ("private bytes"): 255M, peak: 269M

vm_info: Java HotSpot(TM) 64-Bit Server VM (11.0.3+12-LTS) for windows-amd64 JRE (11.0.3+12-LTS), built on Apr  2 2019 12:43:09 by "mach5one" with MS VC++ 15.5 (VS2017)

END.
